<?xml version="1.0" encoding="UTF-8"?>
<Site BuildName="(empty)"
	BuildStamp="20240529-0007-Experimental"
	Name="kwan"
	Generator="ctest-3.27.4"
	CompilerName="/usr/bin/c++"
	CompilerVersion="11.4.0"
	OSName="Linux"
	Hostname="kwan"
	OSRelease="5.15.0-107-generic"
	OSVersion="#117~20.04.1-Ubuntu SMP Tue Apr 30 10:35:57 UTC 2024"
	OSPlatform="x86_64"
	Is64Bits="1"
	VendorString="GenuineIntel"
	VendorID="Intel Corporation"
	FamilyID="6"
	ModelID="183"
	ProcessorCacheSize="36864"
	NumberOfLogicalCPU="32"
	NumberOfPhysicalCPU="24"
	TotalVirtualMemory="2047"
	TotalPhysicalMemory="31862"
	LogicalProcessorsPerPhysical="1"
	ProcessorClockFrequency="5463.48"
	>
	<Testing>
		<StartDateTime>May 29 09:07 KST</StartDateTime>
		<StartTestTime>1716941266</StartTestTime>
		<TestList/>
		<EndDateTime>May 29 09:07 KST</EndDateTime>
		<EndTestTime>1716941266</EndTestTime>
		<ElapsedMinutes>0</ElapsedMinutes>
	</Testing>
</Site>
